build/outputs/logs/manifest-merger-debug-report.txt
-- Merging decision tree log ---
manifest
ADDED from Desktop\JavaJsDemo\AndroidManifest.xml:2:1-39:12
	package
		ADDED from Desktop\JavaJsDemo\AndroidManifest.xml:3:5-37
	android:versionName
		ADDED from Desktop\JavaJsDemo\AndroidManifest.xml:5:5-30
		INJECTED from Desktop\JavaJsDemo\AndroidManifest.xml
		INJECTED from Desktop\JavaJsDemo\AndroidManifest.xml
	android:versionCode
		ADDED from Desktop\JavaJsDemo\AndroidManifest.xml:4:5-28
		INJECTED from Desktop\JavaJsDemo\AndroidManifest.xml
		INJECTED from Desktop\JavaJsDemo\AndroidManifest.xml
	xmlns:android
		ADDED from Desktop\JavaJsDemo\AndroidManifest.xml:2:11-69
uses-sdk
ADDED from Desktop\JavaJsDemo\AndroidManifest.xml:7:5-9:41
	android:targetSdkVersion
		ADDED from Desktop\JavaJsDemo\AndroidManifest.xml:9:9-38
	android:minSdkVersion
		ADDED from Desktop\JavaJsDemo\AndroidManifest.xml:8:9-35
uses-permission#android.permission.INTERNET
ADDED from Desktop\JavaJsDemo\AndroidManifest.xml:11:5-67
	android:name
		ADDED from Desktop\JavaJsDemo\AndroidManifest.xml:11:22-64
uses-permission#android.permission.READ_EXTERNAL_STORAGE
ADDED from Desktop\JavaJsDemo\AndroidManifest.xml:12:5-80
	android:name
		ADDED from Desktop\JavaJsDemo\AndroidManifest.xml:12:22-77
uses-permission#android.permission.WRITE_EXTERNAL_STORAGE
ADDED from Desktop\JavaJsDemo\AndroidManifest.xml:13:5-81
	android:name
		ADDED from Desktop\JavaJsDemo\AndroidManifest.xml:13:22-78
application
ADDED from Desktop\JavaJsDemo\AndroidManifest.xml:15:5-37:19
	android:label
		ADDED from Desktop\JavaJsDemo\AndroidManifest.xml:19:9-41
	android:allowBackup
		ADDED from Desktop\JavaJsDemo\AndroidManifest.xml:17:9-35
	android:icon
		ADDED from Desktop\JavaJsDemo\AndroidManifest.xml:18:9-45
	android:theme
		ADDED from Desktop\JavaJsDemo\AndroidManifest.xml:20:9-40
	android:name
		ADDED from Desktop\JavaJsDemo\AndroidManifest.xml:16:9-56
activity#com.zyx1011.javajsdemo.MainActivity
ADDED from Desktop\JavaJsDemo\AndroidManifest.xml:21:9-29:20
	android:label
		ADDED from Desktop\JavaJsDemo\AndroidManifest.xml:23:13-45
	android:name
		ADDED from Desktop\JavaJsDemo\AndroidManifest.xml:22:13-41
intent-filter#android.intent.action.MAIN+android.intent.category.LAUNCHER
ADDED from Desktop\JavaJsDemo\AndroidManifest.xml:24:13-28:29
action#android.intent.action.MAIN
ADDED from Desktop\JavaJsDemo\AndroidManifest.xml:25:17-69
	android:name
		ADDED from Desktop\JavaJsDemo\AndroidManifest.xml:25:25-66
category#android.intent.category.LAUNCHER
ADDED from Desktop\JavaJsDemo\AndroidManifest.xml:27:17-77
	android:name
		ADDED from Desktop\JavaJsDemo\AndroidManifest.xml:27:27-74
activity#com.zyx1011.javajsdemo.imageBrowser.ImageBrowserActivity
ADDED from Desktop\JavaJsDemo\AndroidManifest.xml:30:9-36:20
	android:name
		ADDED from Desktop\JavaJsDemo\AndroidManifest.xml:30:19-90
intent-filter#android.intent.category.DEFAULT+com.zyx1011.javajademo.image.Browser
ADDED from Desktop\JavaJsDemo\AndroidManifest.xml:31:13-35:29
action#com.zyx1011.javajademo.image.Browser
ADDED from Desktop\JavaJsDemo\AndroidManifest.xml:32:17-79
	android:name
		ADDED from Desktop\JavaJsDemo\AndroidManifest.xml:32:25-76
category#android.intent.category.DEFAULT
ADDED from Desktop\JavaJsDemo\AndroidManifest.xml:34:17-76
	android:name
		ADDED from Desktop\JavaJsDemo\AndroidManifest.xml:34:27-73